d:\mega\facultate\own_projects\fast3d\debug\vc142.pdb
d:\mega\facultate\own_projects\fast3d\debug\vc142.idb
d:\mega\facultate\own_projects\fast3d\debug\vector3.obj
d:\mega\facultate\own_projects\fast3d\debug\vector2.obj
d:\mega\facultate\own_projects\fast3d\debug\triangle.obj
d:\mega\facultate\own_projects\fast3d\debug\shape.obj
d:\mega\facultate\own_projects\fast3d\debug\main.obj
d:\mega\facultate\own_projects\fast3d\debug\camera.obj
d:\mega\facultate\own_projects\fast3d\debug\vcpkg.applocal.log
d:\mega\facultate\own_projects\fast3d\debug\pdcurses.dll
d:\mega\facultate\own_projects\fast3d\debug\fast3d.exe
d:\mega\facultate\own_projects\fast3d\debug\fast3d.ilk
d:\mega\facultate\own_projects\fast3d\debug\fast3d.pdb
d:\mega\facultate\own_projects\fast3d\debug\fast3d.tlog\cl.command.1.tlog
d:\mega\facultate\own_projects\fast3d\debug\fast3d.tlog\cl.read.1.tlog
d:\mega\facultate\own_projects\fast3d\debug\fast3d.tlog\cl.write.1.tlog
d:\mega\facultate\own_projects\fast3d\debug\fast3d.tlog\fast3d.write.1u.tlog
d:\mega\facultate\own_projects\fast3d\debug\fast3d.tlog\link.command.1.tlog
d:\mega\facultate\own_projects\fast3d\debug\fast3d.tlog\link.read.1.tlog
d:\mega\facultate\own_projects\fast3d\debug\fast3d.tlog\link.write.1.tlog
